# JRE version: Java(TM) SE Runtime Environment (8.0_91-b15) (build 1.8.0_91-b15)
# Java VM: Java HotSpot(TM) 64-Bit Server VM (25.91-b15 mixed mode windows-amd64 compressed oops)
Heap:
 PSYoungGen      total 228864K, used 144516K [0x00000000eab00000, 0x00000000fc700000, 0x0000000100000000)
  eden space 203264K, 64% used [0x00000000eab00000,0x00000000f2ad5c30,0x00000000f7180000)
  from space 25600K, 53% used [0x00000000f7180000,0x00000000f7ecb3e8,0x00000000f8a80000)
  to   space 25088K, 0% used [0x00000000fae80000,0x00000000fae80000,0x00000000fc700000)
 ParOldGen       total 163840K, used 53305K [0x00000000c0000000, 0x00000000ca000000, 0x00000000eab00000)
  object space 163840K, 32% used [0x00000000c0000000,0x00000000c340e448,0x00000000ca000000)
 Metaspace       used 62127K, capacity 65780K, committed 65920K, reserved 1105920K
  class space    used 8342K, capacity 9084K, committed 9088K, reserved 1048576K
GC Heap History (10 events):
Event: 6.618 GC heap before
{Heap before GC invocations=10 (full 2):
 PSYoungGen      total 141312K, used 131584K [0x00000000eab00000, 0x00000000f6700000, 0x0000000100000000)
  eden space 131584K, 100% used [0x00000000eab00000,0x00000000f2b80000,0x00000000f2b80000)
  from space 9728K, 0% used [0x00000000f2b80000,0x00000000f2b80000,0x00000000f3500000)
  to   space 12800K, 0% used [0x00000000f5a80000,0x00000000f5a80000,0x00000000f6700000)
 ParOldGen       total 97792K, used 19577K [0x00000000c0000000, 0x00000000c5f80000, 0x00000000eab00000)
  object space 97792K, 20% used [0x00000000c0000000,0x00000000c131e4f8,0x00000000c5f80000)
 Metaspace       used 41963K, capacity 42904K, committed 43136K, reserved 1085440K
  class space    used 5894K, capacity 6176K, committed 6272K, reserved 1048576K
Event: 6.629 GC heap after
Heap after GC invocations=10 (full 2):
 PSYoungGen      total 177152K, used 12774K [0x00000000eab00000, 0x00000000f7b00000, 0x0000000100000000)
  eden space 164352K, 0% used [0x00000000eab00000,0x00000000eab00000,0x00000000f4b80000)
  from space 12800K, 99% used [0x00000000f5a80000,0x00000000f66f98e8,0x00000000f6700000)
  to   space 15360K, 0% used [0x00000000f4b80000,0x00000000f4b80000,0x00000000f5a80000)
 ParOldGen       total 97792K, used 21395K [0x00000000c0000000, 0x00000000c5f80000, 0x00000000eab00000)
  object space 97792K, 21% used [0x00000000c0000000,0x00000000c14e4d80,0x00000000c5f80000)
 Metaspace       used 41963K, capacity 42904K, committed 43136K, reserved 1085440K
  class space    used 5894K, capacity 6176K, committed 6272K, reserved 1048576K
}
Event: 9.222 GC heap before
{Heap before GC invocations=11 (full 2):
 PSYoungGen      total 177152K, used 177126K [0x00000000eab00000, 0x00000000f7b00000, 0x0000000100000000)
  eden space 164352K, 100% used [0x00000000eab00000,0x00000000f4b80000,0x00000000f4b80000)
  from space 12800K, 99% used [0x00000000f5a80000,0x00000000f66f98e8,0x00000000f6700000)
  to   space 15360K, 0% used [0x00000000f4b80000,0x00000000f4b80000,0x00000000f5a80000)
 ParOldGen       total 97792K, used 21395K [0x00000000c0000000, 0x00000000c5f80000, 0x00000000eab00000)
  object space 97792K, 21% used [0x00000000c0000000,0x00000000c14e4d80,0x00000000c5f80000)
 Metaspace       used 52857K, capacity 55038K, committed 55296K, reserved 1097728K
  class space    used 7375K, capacity 7903K, committed 7936K, reserved 1048576K
Event: 9.278 GC heap after
Heap after GC invocations=11 (full 2):
 PSYoungGen      total 179712K, used 15328K [0x00000000eab00000, 0x00000000fa080000, 0x0000000100000000)
  eden space 164352K, 0% used [0x00000000eab00000,0x00000000eab00000,0x00000000f4b80000)
  from space 15360K, 99% used [0x00000000f4b80000,0x00000000f5a78200,0x00000000f5a80000)
  to   space 22528K, 0% used [0x00000000f8a80000,0x00000000f8a80000,0x00000000fa080000)
 ParOldGen       total 97792K, used 34180K [0x00000000c0000000, 0x00000000c5f80000, 0x00000000eab00000)
  object space 97792K, 34% used [0x00000000c0000000,0x00000000c21613d0,0x00000000c5f80000)
 Metaspace       used 52857K, capacity 55038K, committed 55296K, reserved 1097728K
  class space    used 7375K, capacity 7903K, committed 7936K, reserved 1048576K
}
Event: 11.033 GC heap before
{Heap before GC invocations=12 (full 2):
 PSYoungGen      total 179712K, used 142455K [0x00000000eab00000, 0x00000000fa080000, 0x0000000100000000)
  eden space 164352K, 77% used [0x00000000eab00000,0x00000000f2725d88,0x00000000f4b80000)
  from space 15360K, 99% used [0x00000000f4b80000,0x00000000f5a78200,0x00000000f5a80000)
  to   space 22528K, 0% used [0x00000000f8a80000,0x00000000f8a80000,0x00000000fa080000)
 ParOldGen       total 97792K, used 34180K [0x00000000c0000000, 0x00000000c5f80000, 0x00000000eab00000)
  object space 97792K, 34% used [0x00000000c0000000,0x00000000c21613d0,0x00000000c5f80000)
 Metaspace       used 56533K, capacity 58874K, committed 59008K, reserved 1099776K
  class space    used 7867K, capacity 8471K, committed 8576K, reserved 1048576K
Event: 11.057 GC heap after
Heap after GC invocations=12 (full 2):
 PSYoungGen      total 225792K, used 22285K [0x00000000eab00000, 0x00000000fa600000, 0x0000000100000000)
  eden space 203264K, 0% used [0x00000000eab00000,0x00000000eab00000,0x00000000f7180000)
  from space 22528K, 98% used [0x00000000f8a80000,0x00000000fa043708,0x00000000fa080000)
  to   space 25600K, 0% used [0x00000000f7180000,0x00000000f7180000,0x00000000f8a80000)
 ParOldGen       total 97792K, used 39783K [0x00000000c0000000, 0x00000000c5f80000, 0x00000000eab00000)
  object space 97792K, 40% used [0x00000000c0000000,0x00000000c26d9e50,0x00000000c5f80000)
 Metaspace       used 56533K, capacity 58874K, committed 59008K, reserved 1099776K
  class space    used 7867K, capacity 8471K, committed 8576K, reserved 1048576K
}
Event: 11.057 GC heap before
{Heap before GC invocations=13 (full 3):
 PSYoungGen      total 225792K, used 22285K [0x00000000eab00000, 0x00000000fa600000, 0x0000000100000000)
  eden space 203264K, 0% used [0x00000000eab00000,0x00000000eab00000,0x00000000f7180000)
  from space 22528K, 98% used [0x00000000f8a80000,0x00000000fa043708,0x00000000fa080000)
  to   space 25600K, 0% used [0x00000000f7180000,0x00000000f7180000,0x00000000f8a80000)
 ParOldGen       total 97792K, used 39783K [0x00000000c0000000, 0x00000000c5f80000, 0x00000000eab00000)
  object space 97792K, 40% used [0x00000000c0000000,0x00000000c26d9e50,0x00000000c5f80000)
 Metaspace       used 56533K, capacity 58874K, committed 59008K, reserved 1099776K
  class space    used 7867K, capacity 8471K, committed 8576K, reserved 1048576K
Event: 11.269 GC heap after
Heap after GC invocations=13 (full 3):
 PSYoungGen      total 225792K, used 0K [0x00000000eab00000, 0x00000000fa600000, 0x0000000100000000)
  eden space 203264K, 0% used [0x00000000eab00000,0x00000000eab00000,0x00000000f7180000)
  from space 22528K, 0% used [0x00000000f8a80000,0x00000000f8a80000,0x00000000fa080000)
  to   space 25600K, 0% used [0x00000000f7180000,0x00000000f7180000,0x00000000f8a80000)
 ParOldGen       total 163840K, used 53297K [0x00000000c0000000, 0x00000000ca000000, 0x00000000eab00000)
  object space 163840K, 32% used [0x00000000c0000000,0x00000000c340c448,0x00000000ca000000)
 Metaspace       used 56533K, capacity 58874K, committed 59008K, reserved 1099776K
  class space    used 7867K, capacity 8471K, committed 8576K, reserved 1048576K
}
Event: 391.477 GC heap before
{Heap before GC invocations=14 (full 3):
 PSYoungGen      total 225792K, used 203264K [0x00000000eab00000, 0x00000000fa600000, 0x0000000100000000)
  eden space 203264K, 100% used [0x00000000eab00000,0x00000000f7180000,0x00000000f7180000)
  from space 22528K, 0% used [0x00000000f8a80000,0x00000000f8a80000,0x00000000fa080000)
  to   space 25600K, 0% used [0x00000000f7180000,0x00000000f7180000,0x00000000f8a80000)
 ParOldGen       total 163840K, used 53297K [0x00000000c0000000, 0x00000000ca000000, 0x00000000eab00000)
  object space 163840K, 32% used [0x00000000c0000000,0x00000000c340c448,0x00000000ca000000)
 Metaspace       used 61229K, capacity 64340K, committed 64512K, reserved 1105920K
  class space    used 8251K, capacity 8930K, committed 8960K, reserved 1048576K
Event: 391.493 GC heap after
Heap after GC invocations=14 (full 3):
 PSYoungGen      total 228864K, used 13612K [0x00000000eab00000, 0x00000000fc700000, 0x0000000100000000)
  eden space 203264K, 0% used [0x00000000eab00000,0x00000000eab00000,0x00000000f7180000)
  from space 25600K, 53% used [0x00000000f7180000,0x00000000f7ecb3e8,0x00000000f8a80000)
  to   space 25088K, 0% used [0x00000000fae80000,0x00000000fae80000,0x00000000fc700000)
 ParOldGen       total 163840K, used 53305K [0x00000000c0000000, 0x00000000ca000000, 0x00000000eab00000)
  object space 163840K, 32% used [0x00000000c0000000,0x00000000c340e448,0x00000000ca000000)
 Metaspace       used 61229K, capacity 64340K, committed 64512K, reserved 1105920K
  class space    used 8251K, capacity 8930K, committed 8960K, reserved 1048576K
}

